app/build/outputs/logs/manifest-merger-debug-report.txt
-- Merging decision tree log ---
manifest
ADDED from src\main\AndroidManifest.xml:2:1-44:12
INJECTED from src\main\AndroidManifest.xml:2:1-44:12
INJECTED from src\main\AndroidManifest.xml:2:1-44:12
INJECTED from src\main\AndroidManifest.xml:2:1-44:12
INJECTED from src\main\AndroidManifest.xml:2:1-44:12
INJECTED from src\main\AndroidManifest.xml:2:1-44:12
INJECTED from src\main\AndroidManifest.xml:2:1-44:12
	package
		ADDED from src\main\AndroidManifest.xml:3:5-38
		INJECTED from src\main\AndroidManifest.xml
		INJECTED from src\main\AndroidManifest.xml
	android:versionName
		ADDED from src\main\AndroidManifest.xml:5:5-31
		INJECTED from src\main\AndroidManifest.xml
		INJECTED from src\main\AndroidManifest.xml
	xmlns:android
		ADDED from src\main\AndroidManifest.xml:2:11-69
	android:versionCode
		ADDED from src\main\AndroidManifest.xml:4:5-28
		INJECTED from src\main\AndroidManifest.xml
		INJECTED from src\main\AndroidManifest.xml
uses-permission#android.permission.BLUETOOTH
ADDED from src\main\AndroidManifest.xml:7:5-68
	android:name
		ADDED from src\main\AndroidManifest.xml:7:22-65
uses-permission#android.permission.BLUETOOTH_ADMIN
ADDED from src\main\AndroidManifest.xml:8:5-74
	android:name
		ADDED from src\main\AndroidManifest.xml:8:22-71
uses-permission#android.permission.INTERNET
ADDED from src\main\AndroidManifest.xml:9:5-67
	android:name
		ADDED from src\main\AndroidManifest.xml:9:22-64
uses-permission#android.permission.READ_EXTERNAL_STORAGE
ADDED from src\main\AndroidManifest.xml:10:5-80
	android:name
		ADDED from src\main\AndroidManifest.xml:10:22-77
uses-sdk
ADDED from src\main\AndroidManifest.xml:12:5-14:41
INJECTED from src\main\AndroidManifest.xml:12:5-14:41
INJECTED from src\main\AndroidManifest.xml:12:5-14:41
INJECTED from src\main\AndroidManifest.xml:12:5-14:41
INJECTED from src\main\AndroidManifest.xml:12:5-14:41
	android:targetSdkVersion
		ADDED from src\main\AndroidManifest.xml:14:9-38
		INJECTED from src\main\AndroidManifest.xml
		INJECTED from src\main\AndroidManifest.xml
	android:minSdkVersion
		ADDED from src\main\AndroidManifest.xml:13:9-35
		INJECTED from src\main\AndroidManifest.xml
		INJECTED from src\main\AndroidManifest.xml
uses-feature#android.hardware.bluetooth_le
ADDED from src\main\AndroidManifest.xml:16:5-18:35
	android:required
		ADDED from src\main\AndroidManifest.xml:18:9-32
	android:name
		ADDED from src\main\AndroidManifest.xml:17:9-53
application
ADDED from src\main\AndroidManifest.xml:20:5-41:19
	android:label
		ADDED from src\main\AndroidManifest.xml:23:9-41
	android:icon
		ADDED from src\main\AndroidManifest.xml:22:9-62
	android:allowBackup
		ADDED from src\main\AndroidManifest.xml:21:9-36
	android:theme
		ADDED from src\main\AndroidManifest.xml:24:9-56
service#com.mfarssac.beacon.bluetooth.BluetoothLeService
ADDED from src\main\AndroidManifest.xml:25:9-27:38
	android:enabled
		ADDED from src\main\AndroidManifest.xml:27:13-35
	android:name
		ADDED from src\main\AndroidManifest.xml:26:13-76
activity#com.mfarssac.beacon.tag.MainActivity
ADDED from src\main\AndroidManifest.xml:29:9-39:20
	android:screenOrientation
		ADDED from src\main\AndroidManifest.xml:32:13-49
	android:label
		ADDED from src\main\AndroidManifest.xml:31:13-45
	android:name
		ADDED from src\main\AndroidManifest.xml:30:13-64
intent-filter#action:name:android.intent.action.MAIN+category:name:android.intent.category.DEFAULT+category:name:android.intent.category.LAUNCHER
ADDED from src\main\AndroidManifest.xml:33:13-38:29
action#android.intent.action.MAIN
ADDED from src\main\AndroidManifest.xml:34:17-69
	android:name
		ADDED from src\main\AndroidManifest.xml:34:25-66
category#android.intent.category.DEFAULT
ADDED from src\main\AndroidManifest.xml:36:17-76
	android:name
		ADDED from src\main\AndroidManifest.xml:36:27-73
category#android.intent.category.LAUNCHER
ADDED from src\main\AndroidManifest.xml:37:17-77
	android:name
		ADDED from src\main\AndroidManifest.xml:37:27-74